This is pdfTeX, Version 3.14159265-2.6-1.40.16 (TeX Live 2015/Debian) (preloaded format=pdflatex 2018.10.12)  29 APR 2019 21:55
entering extended mode
 restricted \write18 enabled.
 %&-line parsing enabled.
**supplementary.tex
(./supplementary.tex
LaTeX2e <2016/02/01>
Babel <3.9q> and hyphenation patterns for 81 language(s) loaded.
(./bmvc2k.cls
Document Class: bmvc2k 2019/03/06 BMVC Proceedings. v0.14
(/usr/share/texlive/texmf-dist/tex/latex/base/article.cls
Document Class: article 2014/09/29 v1.4h Standard LaTeX document class
(/usr/share/texlive/texmf-dist/tex/latex/base/size10.clo
File: size10.clo 2014/09/29 v1.4h Standard LaTeX file (size option)
)
\c@part=\count79
\c@section=\count80
\c@subsection=\count81
\c@subsubsection=\count82
\c@paragraph=\count83
\c@subparagraph=\count84
\c@figure=\count85
\c@table=\count86
\abovecaptionskip=\skip41
\belowcaptionskip=\skip42
\bibindent=\dimen102
)
(/usr/share/texlive/texmf-dist/tex/latex/graphics/color.sty
Package: color 2016/01/03 v1.1b Standard LaTeX Color (DPC)

(/usr/share/texlive/texmf-dist/tex/latex/latexconfig/color.cfg
File: color.cfg 2007/01/18 v1.5 color configuration of teTeX/TeXLive
)
Package color Info: Driver file: pdftex.def on input line 143.

(/usr/share/texlive/texmf-dist/tex/latex/pdftex-def/pdftex.def
File: pdftex.def 2011/05/27 v0.06d Graphics/color for pdfTeX

(/usr/share/texlive/texmf-dist/tex/generic/oberdiek/infwarerr.sty
Package: infwarerr 2010/04/08 v1.3 Providing info/warning/error messages (HO)
)
(/usr/share/texlive/texmf-dist/tex/generic/oberdiek/ltxcmds.sty
Package: ltxcmds 2011/11/09 v1.22 LaTeX kernel commands for general use (HO)
)
\Gread@gobject=\count87
))
(/usr/share/texlive/texmf-dist/tex/latex/graphics/graphicx.sty
Package: graphicx 2014/10/28 v1.0g Enhanced LaTeX Graphics (DPC,SPQR)

(/usr/share/texlive/texmf-dist/tex/latex/graphics/keyval.sty
Package: keyval 2014/10/28 v1.15 key=value parser (DPC)
\KV@toks@=\toks14
)
(/usr/share/texlive/texmf-dist/tex/latex/graphics/graphics.sty
Package: graphics 2016/01/03 v1.0q Standard LaTeX Graphics (DPC,SPQR)

(/usr/share/texlive/texmf-dist/tex/latex/graphics/trig.sty
Package: trig 2016/01/03 v1.10 sin cos tan (DPC)
)
(/usr/share/texlive/texmf-dist/tex/latex/latexconfig/graphics.cfg
File: graphics.cfg 2010/04/23 v1.9 graphics configuration of TeX Live
)
Package graphics Info: Driver file: pdftex.def on input line 95.
)
\Gin@req@height=\dimen103
\Gin@req@width=\dimen104
)
(/usr/share/texlive/texmf-dist/tex/latex/subfigure/subfigure.sty
Package: subfigure 2002/03/15 v2.1.5 subfigure package
\subfigtopskip=\skip43
\subfigcapskip=\skip44
\subfigcaptopadj=\dimen105
\subfigbottomskip=\skip45
\subfigcapmargin=\dimen106
\subfiglabelskip=\skip46
\c@subfigure=\count88
\c@lofdepth=\count89
\c@subtable=\count90
\c@lotdepth=\count91

****************************************
* Local config file subfigure.cfg used *
****************************************
(/usr/share/texlive/texmf-dist/tex/latex/subfigure/subfigure.cfg)
\subfig@top=\skip47
\subfig@bottom=\skip48
)
(/usr/share/texlive/texmf-dist/tex/latex/tools/xspace.sty
Package: xspace 2014/10/28 v1.13 Space after command names (DPC,MH)
)
(/usr/share/texlive/texmf-dist/tex/latex/eso-pic/eso-pic.sty
Package: eso-pic 2015/07/21 v2.0g eso-pic (RN)

(/usr/share/texlive/texmf-dist/tex/generic/oberdiek/atbegshi.sty
Package: atbegshi 2011/10/05 v1.16 At begin shipout hook (HO)

(/usr/share/texlive/texmf-dist/tex/generic/oberdiek/ifpdf.sty
Package: ifpdf 2011/01/30 v2.3 Provides the ifpdf switch (HO)
Package ifpdf Info: pdfTeX in PDF mode is detected.
)))
(/usr/share/texlive/texmf-dist/tex/latex/hyperref/hyperref.sty
Package: hyperref 2012/11/06 v6.83m Hypertext links for LaTeX

(/usr/share/texlive/texmf-dist/tex/generic/oberdiek/hobsub-hyperref.sty
Package: hobsub-hyperref 2012/05/28 v1.13 Bundle oberdiek, subset hyperref (HO)


(/usr/share/texlive/texmf-dist/tex/generic/oberdiek/hobsub-generic.sty
Package: hobsub-generic 2012/05/28 v1.13 Bundle oberdiek, subset generic (HO)
Package: hobsub 2012/05/28 v1.13 Construct package bundles (HO)
Package hobsub Info: Skipping package `infwarerr' (already loaded).
Package hobsub Info: Skipping package `ltxcmds' (already loaded).
Package: ifluatex 2010/03/01 v1.3 Provides the ifluatex switch (HO)
Package ifluatex Info: LuaTeX not detected.
Package: ifvtex 2010/03/01 v1.5 Detect VTeX and its facilities (HO)
Package ifvtex Info: VTeX not detected.
Package: intcalc 2007/09/27 v1.1 Expandable calculations with integers (HO)
Package hobsub Info: Skipping package `ifpdf' (already loaded).
Package: etexcmds 2011/02/16 v1.5 Avoid name clashes with e-TeX commands (HO)
Package etexcmds Info: Could not find \expanded.
(etexcmds)             That can mean that you are not using pdfTeX 1.50 or
(etexcmds)             that some package has redefined \expanded.
(etexcmds)             In the latter case, load this package earlier.
Package: kvsetkeys 2012/04/25 v1.16 Key value parser (HO)
Package: kvdefinekeys 2011/04/07 v1.3 Define keys (HO)
Package: pdftexcmds 2011/11/29 v0.20 Utility functions of pdfTeX for LuaTeX (HO
)
Package pdftexcmds Info: LuaTeX not detected.
Package pdftexcmds Info: \pdf@primitive is available.
Package pdftexcmds Info: \pdf@ifprimitive is available.
Package pdftexcmds Info: \pdfdraftmode found.
Package: pdfescape 2011/11/25 v1.13 Implements pdfTeX's escape features (HO)
Package: bigintcalc 2012/04/08 v1.3 Expandable calculations on big integers (HO
)
Package: bitset 2011/01/30 v1.1 Handle bit-vector datatype (HO)
Package: uniquecounter 2011/01/30 v1.2 Provide unlimited unique counter (HO)
)
Package hobsub Info: Skipping package `hobsub' (already loaded).
Package: letltxmacro 2010/09/02 v1.4 Let assignment for LaTeX macros (HO)
Package: hopatch 2012/05/28 v1.2 Wrapper for package hooks (HO)
Package: xcolor-patch 2011/01/30 xcolor patch
Package: atveryend 2011/06/30 v1.8 Hooks at the very end of document (HO)
Package atveryend Info: \enddocument detected (standard20110627).
Package hobsub Info: Skipping package `atbegshi' (already loaded).
Package: refcount 2011/10/16 v3.4 Data extraction from label references (HO)
Package: hycolor 2011/01/30 v1.7 Color options for hyperref/bookmark (HO)
)
(/usr/share/texlive/texmf-dist/tex/generic/ifxetex/ifxetex.sty
Package: ifxetex 2010/09/12 v0.6 Provides ifxetex conditional
)
(/usr/share/texlive/texmf-dist/tex/latex/oberdiek/auxhook.sty
Package: auxhook 2011/03/04 v1.3 Hooks for auxiliary files (HO)
)
(/usr/share/texlive/texmf-dist/tex/latex/oberdiek/kvoptions.sty
Package: kvoptions 2011/06/30 v3.11 Key value format for package options (HO)
)
\@linkdim=\dimen107
\Hy@linkcounter=\count92
\Hy@pagecounter=\count93

(/usr/share/texlive/texmf-dist/tex/latex/hyperref/pd1enc.def
File: pd1enc.def 2012/11/06 v6.83m Hyperref: PDFDocEncoding definition (HO)
)
\Hy@SavedSpaceFactor=\count94

(/usr/share/texlive/texmf-dist/tex/latex/latexconfig/hyperref.cfg
File: hyperref.cfg 2002/06/06 v1.2 hyperref configuration of TeXLive
)
Package hyperref Info: Option `colorlinks' set `true' on input line 4319.
Package hyperref Info: Option `bookmarks' set `false' on input line 4319.
Package hyperref Info: Hyper figures OFF on input line 4443.
Package hyperref Info: Link nesting OFF on input line 4448.
Package hyperref Info: Hyper index ON on input line 4451.
Package hyperref Info: Plain pages OFF on input line 4458.
Package hyperref Info: Backreferencing OFF on input line 4463.
Package hyperref Info: Implicit mode ON; LaTeX internals redefined.
Package hyperref Info: Bookmarks OFF on input line 4694.
\c@Hy@tempcnt=\count95

(/usr/share/texlive/texmf-dist/tex/latex/url/url.sty
\Urlmuskip=\muskip10
Package: url 2013/09/16  ver 3.4  Verb mode for urls, etc.
)
LaTeX Info: Redefining \url on input line 5041.
\XeTeXLinkMargin=\dimen108
\Fld@menulength=\count96
\Field@Width=\dimen109
\Fld@charsize=\dimen110
Package hyperref Info: Hyper figures OFF on input line 6295.
Package hyperref Info: Link nesting OFF on input line 6300.
Package hyperref Info: Hyper index ON on input line 6303.
Package hyperref Info: backreferencing OFF on input line 6310.
Package hyperref Info: Link coloring ON on input line 6313.
Package hyperref Info: Link coloring with OCG OFF on input line 6320.
Package hyperref Info: PDF/A mode OFF on input line 6325.
LaTeX Info: Redefining \ref on input line 6365.
LaTeX Info: Redefining \pageref on input line 6369.
\Hy@abspage=\count97
\c@Item=\count98
\c@Hfootnote=\count99
)

Package hyperref Message: Driver (autodetected): hpdftex.

(/usr/share/texlive/texmf-dist/tex/latex/hyperref/hpdftex.def
File: hpdftex.def 2012/11/06 v6.83m Hyperref driver for pdfTeX
\Fld@listcount=\count100
\c@bookmark@seq@number=\count101

(/usr/share/texlive/texmf-dist/tex/latex/oberdiek/rerunfilecheck.sty
Package: rerunfilecheck 2011/04/15 v1.7 Rerun checks for auxiliary files (HO)
Package uniquecounter Info: New unique counter `rerunfilecheck' on input line 2
82.
)
\Hy@SectionHShift=\skip49
)
(/usr/share/texlive/texmf-dist/tex/latex/amsmath/amsmath.sty
Package: amsmath 2016/03/03 v2.15a AMS math features
\@mathmargin=\skip50

For additional information on amsmath, use the `?' option.
(/usr/share/texlive/texmf-dist/tex/latex/amsmath/amstext.sty
Package: amstext 2000/06/29 v2.01 AMS text

(/usr/share/texlive/texmf-dist/tex/latex/amsmath/amsgen.sty
File: amsgen.sty 1999/11/30 v2.0 generic functions
\@emptytoks=\toks15
\ex@=\dimen111
))
(/usr/share/texlive/texmf-dist/tex/latex/amsmath/amsbsy.sty
Package: amsbsy 1999/11/29 v1.2d Bold Symbols
\pmbraise@=\dimen112
)
(/usr/share/texlive/texmf-dist/tex/latex/amsmath/amsopn.sty
Package: amsopn 1999/12/14 v2.01 operator names
)
\inf@bad=\count102
LaTeX Info: Redefining \frac on input line 199.
\uproot@=\count103
\leftroot@=\count104
LaTeX Info: Redefining \overline on input line 297.
\classnum@=\count105
\DOTSCASE@=\count106
LaTeX Info: Redefining \ldots on input line 394.
LaTeX Info: Redefining \dots on input line 397.
LaTeX Info: Redefining \cdots on input line 518.
\Mathstrutbox@=\box26
\strutbox@=\box27
\big@size=\dimen113
LaTeX Font Info:    Redeclaring font encoding OML on input line 630.
LaTeX Font Info:    Redeclaring font encoding OMS on input line 631.
\macc@depth=\count107
\c@MaxMatrixCols=\count108
\dotsspace@=\muskip11
\c@parentequation=\count109
\dspbrk@lvl=\count110
\tag@help=\toks16
\row@=\count111
\column@=\count112
\maxfields@=\count113
\andhelp@=\toks17
\eqnshift@=\dimen114
\alignsep@=\dimen115
\tagshift@=\dimen116
\tagwidth@=\dimen117
\totwidth@=\dimen118
\lineht@=\dimen119
\@envbody=\toks18
\multlinegap=\skip51
\multlinetaggap=\skip52
\mathdisplay@stack=\toks19
LaTeX Info: Redefining \[ on input line 2735.
LaTeX Info: Redefining \] on input line 2736.
)
\bmv@CenterBoxtmp=\box28

(/usr/share/texlive/texmf-dist/tex/latex/geometry/geometry.sty
Package: geometry 2010/09/12 v5.6 Page Geometry
\Gm@cnth=\count114
\Gm@cntv=\count115
\c@Gm@tempcnt=\count116
\Gm@bindingoffset=\dimen120
\Gm@wd@mp=\dimen121
\Gm@odd@mp=\dimen122
\Gm@even@mp=\dimen123
\Gm@layoutwidth=\dimen124
\Gm@layoutheight=\dimen125
\Gm@layouthoffset=\dimen126
\Gm@layoutvoffset=\dimen127
\Gm@dimlist=\toks20
)
(/usr/share/texlive/texmf-dist/tex/latex/base/fontenc.sty
Package: fontenc 2005/09/27 v1.99g Standard LaTeX package

(/usr/share/texlive/texmf-dist/tex/latex/base/t1enc.def
File: t1enc.def 2005/09/27 v1.99g Standard LaTeX file
LaTeX Font Info:    Redeclaring font encoding T1 on input line 48.
))
(/usr/share/texlive/texmf-dist/tex/latex/psnfss/mathptmx.sty
Package: mathptmx 2005/04/12 PSNFSS-v9.2a Times w/ Math, improved (SPQR, WaS) 
LaTeX Font Info:    Redeclaring symbol font `operators' on input line 28.
LaTeX Font Info:    Overwriting symbol font `operators' in version `normal'
(Font)                  OT1/cmr/m/n --> OT1/ztmcm/m/n on input line 28.
LaTeX Font Info:    Overwriting symbol font `operators' in version `bold'
(Font)                  OT1/cmr/bx/n --> OT1/ztmcm/m/n on input line 28.
LaTeX Font Info:    Redeclaring symbol font `letters' on input line 29.
LaTeX Font Info:    Overwriting symbol font `letters' in version `normal'
(Font)                  OML/cmm/m/it --> OML/ztmcm/m/it on input line 29.
LaTeX Font Info:    Overwriting symbol font `letters' in version `bold'
(Font)                  OML/cmm/b/it --> OML/ztmcm/m/it on input line 29.
LaTeX Font Info:    Redeclaring symbol font `symbols' on input line 30.
LaTeX Font Info:    Overwriting symbol font `symbols' in version `normal'
(Font)                  OMS/cmsy/m/n --> OMS/ztmcm/m/n on input line 30.
LaTeX Font Info:    Overwriting symbol font `symbols' in version `bold'
(Font)                  OMS/cmsy/b/n --> OMS/ztmcm/m/n on input line 30.
LaTeX Font Info:    Redeclaring symbol font `largesymbols' on input line 31.
LaTeX Font Info:    Overwriting symbol font `largesymbols' in version `normal'
(Font)                  OMX/cmex/m/n --> OMX/ztmcm/m/n on input line 31.
LaTeX Font Info:    Overwriting symbol font `largesymbols' in version `bold'
(Font)                  OMX/cmex/m/n --> OMX/ztmcm/m/n on input line 31.
\symbold=\mathgroup4
\symitalic=\mathgroup5
LaTeX Font Info:    Redeclaring math alphabet \mathbf on input line 34.
LaTeX Font Info:    Overwriting math alphabet `\mathbf' in version `normal'
(Font)                  OT1/cmr/bx/n --> OT1/ptm/bx/n on input line 34.
LaTeX Font Info:    Overwriting math alphabet `\mathbf' in version `bold'
(Font)                  OT1/cmr/bx/n --> OT1/ptm/bx/n on input line 34.
LaTeX Font Info:    Redeclaring math alphabet \mathit on input line 35.
LaTeX Font Info:    Overwriting math alphabet `\mathit' in version `normal'
(Font)                  OT1/cmr/m/it --> OT1/ptm/m/it on input line 35.
LaTeX Font Info:    Overwriting math alphabet `\mathit' in version `bold'
(Font)                  OT1/cmr/bx/it --> OT1/ptm/m/it on input line 35.
LaTeX Info: Redefining \hbar on input line 50.
)
(/usr/share/texlive/texmf-dist/tex/latex/psnfss/helvet.sty
Package: helvet 2005/04/12 PSNFSS-v9.2a (WaS) 
)
(/usr/share/texlive/texmf-dist/tex/latex/psnfss/courier.sty
Package: courier 2005/04/12 PSNFSS-v9.2a (WaS) 
)
LaTeX Font Info:    Redeclaring math alphabet \mathcal on input line 234.
\bmv@toks=\toks21
\bmv@nauthors=\count117
\bmv@ninsts=\count118
\c@BMVA@shortyear=\count119
\bmv@rulerbox=\box29
\bmv@rulercount=\count120
\bmv@ruleroffset=\dimen128
\bmv@rulerlineheight=\dimen129
\bmv@rulerboxheight=\dimen130
\bmv@rulertmpbox=\box30
\bmv@rulerrefno=\count121
\bmv@rulertot=\count122
\bmv@rulertmpc@=\count123
\bmv@rulertmpc=\count124

(./bmvc2k_natbib.sty
Package: bmvc2k_natbib 2007/10/30 8.1 (PWD)
\bibhang=\skip53
\bibsep=\skip54
LaTeX Info: Redefining \cite on input line 602.
\c@NAT@ctr=\count125
)
\bmv@citebox=\box31
 Finished loading BMVC2K)
(/usr/share/texlive/texmf-dist/tex/latex/setspace/setspace.sty
Package: setspace 2011/12/19 v6.7a set line spacing
)
(/usr/share/texlive/texmf-dist/tex/latex/overpic/overpic.sty
Package: overpic 2010/09/13 v0.53  Overwriting graphics

Package: overpic v0.53 <2010/09/13> (RN)
(/usr/share/texlive/texmf-dist/tex/latex/eepic/epic.sty
Enhancements to Picture Environment. Version 1.2 - Released June 1, 1986
\@@multicnt=\count126
\d@lta=\count127
\@delta=\dimen131
\@@delta=\dimen132
\@gridcnt=\count128
\@joinkind=\count129
\@dotgap=\dimen133
\@ddotgap=\dimen134
\@x@diff=\count130
\@y@diff=\count131
\x@diff=\dimen135
\y@diff=\dimen136
\@dotbox=\box32
\num@segments=\count132
\num@segmentsi=\count133
\@datafile=\read1
)
overpic: relative positioning in percent
) (/usr/share/texlive/texmf-dist/tex/latex/algorithm2e/algorithm2e.sty
Package: algorithm2e 2013/01/06 v5.00 algorithms environments
\c@AlgoLine=\count134

(/usr/share/texlive/texmf-dist/tex/latex/base/ifthen.sty
Package: ifthen 2014/09/29 v1.1c Standard LaTeX ifthen package (DPC)
)
\algocf@hangindent=\skip55

(/usr/share/texlive/texmf-dist/tex/latex/relsize/relsize.sty
Package: relsize 2013/03/29 ver 4.1
)
********************************************************
Package `algorithm2e' Release 5.1 -- october 19 2015 --
- algorithm2e-announce@lirmm.fr mailing list for announcement about releases
- algorithm2e-discussion@lirmm.fr mailing list for discussion about package
subscribe by emailing sympa@lirmm.fr with 'subscribe <list> <firstname name>'
- Author: Christophe Fiorio (christophe.fiorio@umontpellier.fr)
********************************************************
\skiptotal=\skip56
\skiplinenumber=\skip57
\skiprule=\skip58
\skiphlne=\skip59
\skiptext=\skip60
\skiplength=\skip61
\algomargin=\skip62
\skipalgocfslide=\skip63
\algowidth=\dimen137
\inoutsize=\dimen138
\inoutindent=\dimen139
\interspacetitleruled=\dimen140
\interspacealgoruled=\dimen141
\interspacetitleboxruled=\dimen142
\algocf@ruledwidth=\skip64
\algocf@inoutbox=\box33
\algocf@inputbox=\box34
\AlCapSkip=\skip65
\AlCapHSkip=\skip66
\algoskipindent=\skip67
\algocf@nlbox=\box35
\algocf@hangingbox=\box36
\algocf@untilbox=\box37
\algocf@skipuntil=\skip68
\algocf@capbox=\box38
\algoheightruledefault=\skip69
\algoheightrule=\skip70
\algotitleheightruledefault=\skip71
\algotitleheightrule=\skip72
\c@algocfline=\count135
\c@algocfproc=\count136
\c@algocf=\count137
\algocf@algoframe=\box39
\algocf@algobox=\box40
) (./supplementary.aux)
\openout1 = `supplementary.aux'.

LaTeX Font Info:    Checking defaults for OML/cmm/m/it on input line 11.
LaTeX Font Info:    ... okay on input line 11.
LaTeX Font Info:    Checking defaults for T1/cmr/m/n on input line 11.
LaTeX Font Info:    ... okay on input line 11.
LaTeX Font Info:    Checking defaults for OT1/cmr/m/n on input line 11.
LaTeX Font Info:    ... okay on input line 11.
LaTeX Font Info:    Checking defaults for OMS/cmsy/m/n on input line 11.
LaTeX Font Info:    ... okay on input line 11.
LaTeX Font Info:    Checking defaults for OMX/cmex/m/n on input line 11.
LaTeX Font Info:    ... okay on input line 11.
LaTeX Font Info:    Checking defaults for U/cmr/m/n on input line 11.
LaTeX Font Info:    ... okay on input line 11.
LaTeX Font Info:    Checking defaults for PD1/pdf/m/n on input line 11.
LaTeX Font Info:    ... okay on input line 11.
LaTeX Font Info:    Try loading font information for T1+ptm on input line 11.

(/usr/share/texlive/texmf-dist/tex/latex/psnfss/t1ptm.fd
File: t1ptm.fd 2001/06/04 font definitions for T1/ptm.
)
(/usr/share/texlive/texmf-dist/tex/context/base/supp-pdf.mkii
[Loading MPS to PDF converter (version 2006.09.02).]
\scratchcounter=\count138
\scratchdimen=\dimen143
\scratchbox=\box41
\nofMPsegments=\count139
\nofMParguments=\count140
\everyMPshowfont=\toks22
\MPscratchCnt=\count141
\MPscratchDim=\dimen144
\MPnumerator=\count142
\makeMPintoPDFobject=\count143
\everyMPtoPDFconversion=\toks23
) (/usr/share/texlive/texmf-dist/tex/latex/oberdiek/epstopdf-base.sty
Package: epstopdf-base 2010/02/09 v2.5 Base part for package epstopdf

(/usr/share/texlive/texmf-dist/tex/latex/oberdiek/grfext.sty
Package: grfext 2010/08/19 v1.1 Manage graphics extensions (HO)
)
Package grfext Info: Graphics extension search list:
(grfext)             [.png,.pdf,.jpg,.mps,.jpeg,.jbig2,.jb2,.PNG,.PDF,.JPG,.JPE
G,.JBIG2,.JB2,.eps]
(grfext)             \AppendGraphicsExtensions on input line 452.

(/usr/share/texlive/texmf-dist/tex/latex/latexconfig/epstopdf-sys.cfg
File: epstopdf-sys.cfg 2010/07/13 v1.3 Configuration of (r)epstopdf for TeX Liv
e
))
\AtBeginShipoutBox=\box42
Package hyperref Info: Link coloring ON on input line 11.

(/usr/share/texlive/texmf-dist/tex/latex/hyperref/nameref.sty
Package: nameref 2012/10/27 v2.43 Cross-referencing by name of section

(/usr/share/texlive/texmf-dist/tex/generic/oberdiek/gettitlestring.sty
Package: gettitlestring 2010/12/03 v1.4 Cleanup title references (HO)
)
\c@section@level=\count144
)
LaTeX Info: Redefining \ref on input line 11.
LaTeX Info: Redefining \pageref on input line 11.
LaTeX Info: Redefining \nameref on input line 11.

*geometry* driver: auto-detecting
*geometry* detected driver: pdftex
*geometry* verbose mode - [ preamble ] result:
* driver: pdftex
* paper: custom
* layout: <same size as paper>
* layoutoffset:(h,v)=(0.0pt,0.0pt)
* modes: includehead twoside heightrounded 
* h-part:(L,W,R)=(25.60747pt, 367.32089pt, 17.07164pt)
* v-part:(T,H,B)=(8.53581pt, 597.23782pt, 14.22636pt)
* \paperwidth=410.0pt
* \paperheight=620.0pt
* \textwidth=367.32089pt
* \textheight=574.0pt
* \oddsidemargin=-46.66252pt
* \evensidemargin=-55.19835pt
* \topmargin=-63.73418pt
* \headheight=12.0pt
* \headsep=8.53581pt
* \topskip=10.0pt
* \footskip=30.0pt
* \marginparwidth=121.0pt
* \marginparsep=11.0pt
* \columnsep=10.0pt
* \skip\footins=9.0pt plus 4.0pt minus 2.0pt
* \hoffset=0.0pt
* \voffset=0.0pt
* \mag=1000
* \@twocolumnfalse
* \@twosidetrue
* \@mparswitchtrue
* \@reversemarginfalse
* (1in=72.27pt=25.4mm, 1cm=28.453pt)

LaTeX Font Info:    Font shape `T1/ptm/bx/n' in size <14.4> not available
(Font)              Font shape `T1/ptm/b/n' tried instead on input line 13.
LaTeX Font Info:    Font shape `T1/ptm/bx/n' in size <12> not available
(Font)              Font shape `T1/ptm/b/n' tried instead on input line 15.
LaTeX Font Info:    Try loading font information for OT1+ztmcm on input line 16
.
(/usr/share/texlive/texmf-dist/tex/latex/psnfss/ot1ztmcm.fd
File: ot1ztmcm.fd 2000/01/03 Fontinst v1.801 font definitions for OT1/ztmcm.
)
LaTeX Font Info:    Try loading font information for OML+ztmcm on input line 16
.

(/usr/share/texlive/texmf-dist/tex/latex/psnfss/omlztmcm.fd
File: omlztmcm.fd 2000/01/03 Fontinst v1.801 font definitions for OML/ztmcm.
)
LaTeX Font Info:    Try loading font information for OMS+ztmcm on input line 16
.

(/usr/share/texlive/texmf-dist/tex/latex/psnfss/omsztmcm.fd
File: omsztmcm.fd 2000/01/03 Fontinst v1.801 font definitions for OMS/ztmcm.
)
LaTeX Font Info:    Try loading font information for OMX+ztmcm on input line 16
.

(/usr/share/texlive/texmf-dist/tex/latex/psnfss/omxztmcm.fd
File: omxztmcm.fd 2000/01/03 Fontinst v1.801 font definitions for OMX/ztmcm.
)
LaTeX Font Info:    Try loading font information for OT1+ptm on input line 16.

(/usr/share/texlive/texmf-dist/tex/latex/psnfss/ot1ptm.fd
File: ot1ptm.fd 2001/06/04 font definitions for OT1/ptm.
)
LaTeX Font Info:    Font shape `OT1/ptm/bx/n' in size <10> not available
(Font)              Font shape `OT1/ptm/b/n' tried instead on input line 16.
LaTeX Font Info:    Font shape `OT1/ptm/bx/n' in size <7.4> not available
(Font)              Font shape `OT1/ptm/b/n' tried instead on input line 16.
LaTeX Font Info:    Font shape `OT1/ptm/bx/n' in size <6> not available
(Font)              Font shape `OT1/ptm/b/n' tried instead on input line 16.
LaTeX Font Info:    Font shape `T1/ptm/bx/n' in size <10> not available
(Font)              Font shape `T1/ptm/b/n' tried instead on input line 23.
LaTeX Font Info:    Font shape `T1/ptm/bx/n' in size <9> not available
(Font)              Font shape `T1/ptm/b/n' tried instead on input line 25.
LaTeX Font Info:    Font shape `T1/ptm/bx/n' in size <7> not available
(Font)              Font shape `T1/ptm/b/n' tried instead on input line 25.
LaTeX Font Info:    Font shape `T1/ptm/bx/n' in size <6.25002> not available
(Font)              Font shape `T1/ptm/b/n' tried instead on input line 25.
LaTeX Font Info:    Font shape `OT1/ptm/bx/n' in size <9> not available
(Font)              Font shape `OT1/ptm/b/n' tried instead on input line 26.
LaTeX Font Info:    Font shape `OT1/ptm/bx/n' in size <7> not available
(Font)              Font shape `OT1/ptm/b/n' tried instead on input line 26.
LaTeX Font Info:    Font shape `OT1/ptm/bx/n' in size <5> not available
(Font)              Font shape `OT1/ptm/b/n' tried instead on input line 26.

<images/supplementary/06/bev/04.png, id=5, 520.94624pt x 612.2875pt>
File: images/supplementary/06/bev/04.png Graphic file (type png)

<use images/supplementary/06/bev/04.png>
Package pdftex.def Info: images/supplementary/06/bev/04.png used on input line 
88.
(pdftex.def)             Requested size: 109.40193pt x 128.58417pt.

<images/supplementary/06/bev/03.png, id=6, 520.94624pt x 612.2875pt>
File: images/supplementary/06/bev/03.png Graphic file (type png)

<use images/supplementary/06/bev/03.png>
Package pdftex.def Info: images/supplementary/06/bev/03.png used on input line 
88.
(pdftex.def)             Requested size: 109.40193pt x 128.58417pt.

<images/supplementary/06/bev/02.png, id=7, 520.94624pt x 612.2875pt>
File: images/supplementary/06/bev/02.png Graphic file (type png)

<use images/supplementary/06/bev/02.png>
Package pdftex.def Info: images/supplementary/06/bev/02.png used on input line 
88.
(pdftex.def)             Requested size: 109.40193pt x 128.58417pt.

<images/supplementary/06/bev/01.png, id=8, 520.94624pt x 612.2875pt>
File: images/supplementary/06/bev/01.png Graphic file (type png)

<use images/supplementary/06/bev/01.png>
Package pdftex.def Info: images/supplementary/06/bev/01.png used on input line 
88.
(pdftex.def)             Requested size: 109.40193pt x 128.58417pt.

Underfull \hbox (badness 10000) in paragraph at lines 88--88
[][]
 []


Underfull \hbox (badness 10000) in paragraph at lines 88--88
[]
 []


Underfull \hbox (badness 10000) in paragraph at lines 88--88
[]
 []

<images/supplementary/06/pc/04.png, id=9, 896.34875pt x 336.25626pt>
File: images/supplementary/06/pc/04.png Graphic file (type png)

<use images/supplementary/06/pc/04.png>
Package pdftex.def Info: images/supplementary/06/pc/04.png used on input line 9
9.
(pdftex.def)             Requested size: 183.66045pt x 68.89705pt.

<images/supplementary/06/img/04.png, id=10, 1115.16624pt x 338.26375pt>
File: images/supplementary/06/img/04.png Graphic file (type png)

<use images/supplementary/06/img/04.png>
Package pdftex.def Info: images/supplementary/06/img/04.png used on input line 
99.
(pdftex.def)             Requested size: 183.66045pt x 55.70787pt.

<images/supplementary/06/pc/03.png, id=11, 896.34875pt x 336.25626pt>
File: images/supplementary/06/pc/03.png Graphic file (type png)

<use images/supplementary/06/pc/03.png>
Package pdftex.def Info: images/supplementary/06/pc/03.png used on input line 9
9.
(pdftex.def)             Requested size: 183.66045pt x 68.89705pt.

<images/supplementary/06/img/03.png, id=12, 1115.16624pt x 338.26375pt>
File: images/supplementary/06/img/03.png Graphic file (type png)

<use images/supplementary/06/img/03.png>
Package pdftex.def Info: images/supplementary/06/img/03.png used on input line 
99.
(pdftex.def)             Requested size: 183.66045pt x 55.70787pt.

<images/supplementary/06/pc/02.png, id=13, 896.34875pt x 336.25626pt>
File: images/supplementary/06/pc/02.png Graphic file (type png)

<use images/supplementary/06/pc/02.png>
Package pdftex.def Info: images/supplementary/06/pc/02.png used on input line 9
9.
(pdftex.def)             Requested size: 183.66045pt x 68.89705pt.

<images/supplementary/06/img/02.png, id=14, 1115.16624pt x 338.26375pt>
File: images/supplementary/06/img/02.png Graphic file (type png)

<use images/supplementary/06/img/02.png>
Package pdftex.def Info: images/supplementary/06/img/02.png used on input line 
99.
(pdftex.def)             Requested size: 183.66045pt x 55.70787pt.

<images/supplementary/06/pc/01.png, id=15, 896.34875pt x 336.25626pt>
File: images/supplementary/06/pc/01.png Graphic file (type png)

<use images/supplementary/06/pc/01.png>
Package pdftex.def Info: images/supplementary/06/pc/01.png used on input line 9
9.
(pdftex.def)             Requested size: 183.66045pt x 68.89705pt.

<images/supplementary/06/img/01.png, id=16, 1115.16624pt x 338.26375pt>
File: images/supplementary/06/img/01.png Graphic file (type png)

<use images/supplementary/06/img/01.png>
Package pdftex.def Info: images/supplementary/06/img/01.png used on input line 
99.
(pdftex.def)             Requested size: 183.66045pt x 55.70787pt.

<images/supplementary/10/bev/04.png, id=17, 833.1125pt x 606.265pt>
File: images/supplementary/10/bev/04.png Graphic file (type png)

<use images/supplementary/10/bev/04.png>
Package pdftex.def Info: images/supplementary/10/bev/04.png used on input line 
119.
(pdftex.def)             Requested size: 165.37375pt x 120.34427pt.

<images/supplementary/10/bev/03.png, id=18, 833.1125pt x 606.265pt>
File: images/supplementary/10/bev/03.png Graphic file (type png)

<use images/supplementary/10/bev/03.png>
Package pdftex.def Info: images/supplementary/10/bev/03.png used on input line 
119.
(pdftex.def)             Requested size: 165.37375pt x 120.34427pt.

<images/supplementary/10/bev/02.png, id=19, 833.1125pt x 606.265pt>
File: images/supplementary/10/bev/02.png Graphic file (type png)

<use images/supplementary/10/bev/02.png>
Package pdftex.def Info: images/supplementary/10/bev/02.png used on input line 
119.
(pdftex.def)             Requested size: 165.37375pt x 120.34427pt.

<images/supplementary/10/bev/01.png, id=20, 833.1125pt x 606.265pt>
File: images/supplementary/10/bev/01.png Graphic file (type png)

<use images/supplementary/10/bev/01.png>
Package pdftex.def Info: images/supplementary/10/bev/01.png used on input line 
119.
(pdftex.def)             Requested size: 165.37375pt x 120.34427pt.

<images/supplementary/10/pc/04.png, id=21, 974.64125pt x 396.48125pt>
File: images/supplementary/10/pc/04.png Graphic file (type png)

<use images/supplementary/10/pc/04.png>
Package pdftex.def Info: images/supplementary/10/pc/04.png used on input line 1
30.
(pdftex.def)             Requested size: 165.29327pt x 67.23756pt.

<images/supplementary/10/img/04.png, id=22, 1119.18124pt x 330.23375pt>
File: images/supplementary/10/img/04.png Graphic file (type png)

<use images/supplementary/10/img/04.png>
Package pdftex.def Info: images/supplementary/10/img/04.png used on input line 
130.
(pdftex.def)             Requested size: 165.29327pt x 48.77203pt.

<images/supplementary/10/pc/03.png, id=23, 974.64125pt x 396.48125pt>
File: images/supplementary/10/pc/03.png Graphic file (type png)

<use images/supplementary/10/pc/03.png>
Package pdftex.def Info: images/supplementary/10/pc/03.png used on input line 1
30.
(pdftex.def)             Requested size: 165.29327pt x 67.23756pt.

<images/supplementary/10/img/03.png, id=24, 1119.18124pt x 330.23375pt>
File: images/supplementary/10/img/03.png Graphic file (type png)

<use images/supplementary/10/img/03.png>
Package pdftex.def Info: images/supplementary/10/img/03.png used on input line 
130.
(pdftex.def)             Requested size: 165.29327pt x 48.77203pt.

<images/supplementary/10/pc/02.png, id=25, 974.64125pt x 396.48125pt>
File: images/supplementary/10/pc/02.png Graphic file (type png)

<use images/supplementary/10/pc/02.png>
Package pdftex.def Info: images/supplementary/10/pc/02.png used on input line 1
30.
(pdftex.def)             Requested size: 165.29327pt x 67.23756pt.

<images/supplementary/10/img/02.png, id=26, 1119.18124pt x 330.23375pt>
File: images/supplementary/10/img/02.png Graphic file (type png)

<use images/supplementary/10/img/02.png>
Package pdftex.def Info: images/supplementary/10/img/02.png used on input line 
130.
(pdftex.def)             Requested size: 165.29327pt x 48.77203pt.

<images/supplementary/10/pc/01.png, id=27, 974.64125pt x 396.48125pt>
File: images/supplementary/10/pc/01.png Graphic file (type png)

<use images/supplementary/10/pc/01.png>
Package pdftex.def Info: images/supplementary/10/pc/01.png used on input line 1
30.
(pdftex.def)             Requested size: 165.29327pt x 67.23756pt.

<images/supplementary/10/img/01.png, id=28, 1119.18124pt x 330.23375pt>
File: images/supplementary/10/img/01.png Graphic file (type png)

<use images/supplementary/10/img/01.png>
Package pdftex.def Info: images/supplementary/10/img/01.png used on input line 
130.
(pdftex.def)             Requested size: 165.29327pt x 48.77203pt.

<images/supplementary/11/bev/04.png, id=29, 427.5975pt x 828.09375pt>
File: images/supplementary/11/bev/04.png Graphic file (type png)

<use images/supplementary/11/bev/04.png>
Package pdftex.def Info: images/supplementary/11/bev/04.png used on input line 
154.
(pdftex.def)             Requested size: 75.6854pt x 131.4653pt.

<images/supplementary/11/bev/03.png, id=31, 427.5975pt x 828.09375pt>
File: images/supplementary/11/bev/03.png Graphic file (type png)

<use images/supplementary/11/bev/03.png>
Package pdftex.def Info: images/supplementary/11/bev/03.png used on input line 
154.
(pdftex.def)             Requested size: 75.6854pt x 131.4653pt.

<images/supplementary/11/bev/02.png, id=33, 427.5975pt x 828.09375pt>
File: images/supplementary/11/bev/02.png Graphic file (type png)

<use images/supplementary/11/bev/02.png>
Package pdftex.def Info: images/supplementary/11/bev/02.png used on input line 
154.
(pdftex.def)             Requested size: 75.6854pt x 131.4653pt.

<images/supplementary/11/bev/01.png, id=35, 427.5975pt x 828.09375pt>
File: images/supplementary/11/bev/01.png Graphic file (type png)

<use images/supplementary/11/bev/01.png>
Package pdftex.def Info: images/supplementary/11/bev/01.png used on input line 
154.
(pdftex.def)             Requested size: 75.6854pt x 131.4653pt.

<images/supplementary/11/pc/04.png, id=37, 668.4975pt x 563.10374pt>
File: images/supplementary/11/pc/04.png Graphic file (type png)

<use images/supplementary/11/pc/04.png>
Package pdftex.def Info: images/supplementary/11/pc/04.png used on input line 1
65.
(pdftex.def)             Requested size: 140.50029pt x 85.45963pt.

<images/supplementary/11/img/04.png, id=39, 756.8275pt x 233.87375pt>
File: images/supplementary/11/img/04.png Graphic file (type png)

<use images/supplementary/11/img/04.png>
Package pdftex.def Info: images/supplementary/11/img/04.png used on input line 
165.
(pdftex.def)             Requested size: 140.50029pt x 43.41583pt.

<images/supplementary/11/pc/03.png, id=40, 668.4975pt x 563.10374pt>
File: images/supplementary/11/pc/03.png Graphic file (type png)

<use images/supplementary/11/pc/03.png>
Package pdftex.def Info: images/supplementary/11/pc/03.png used on input line 1
65.
(pdftex.def)             Requested size: 140.50029pt x 85.45963pt.

<images/supplementary/11/img/03.png, id=42, 756.8275pt x 233.87375pt>
File: images/supplementary/11/img/03.png Graphic file (type png)

<use images/supplementary/11/img/03.png>
Package pdftex.def Info: images/supplementary/11/img/03.png used on input line 
165.
(pdftex.def)             Requested size: 140.50029pt x 43.41583pt.

<images/supplementary/11/pc/02.png, id=43, 668.4975pt x 563.10374pt>
File: images/supplementary/11/pc/02.png Graphic file (type png)

<use images/supplementary/11/pc/02.png>
Package pdftex.def Info: images/supplementary/11/pc/02.png used on input line 1
65.
(pdftex.def)             Requested size: 140.50029pt x 85.45963pt.

<images/supplementary/11/img/02.png, id=45, 756.8275pt x 233.87375pt>
File: images/supplementary/11/img/02.png Graphic file (type png)

<use images/supplementary/11/img/02.png>
Package pdftex.def Info: images/supplementary/11/img/02.png used on input line 
165.
(pdftex.def)             Requested size: 140.50029pt x 43.41583pt.

<images/supplementary/11/pc/01.png, id=46, 668.4975pt x 563.10374pt>
File: images/supplementary/11/pc/01.png Graphic file (type png)

<use images/supplementary/11/pc/01.png>
Package pdftex.def Info: images/supplementary/11/pc/01.png used on input line 1
65.
(pdftex.def)             Requested size: 140.50029pt x 85.45963pt.

<images/supplementary/11/img/01.png, id=48, 756.8275pt x 233.87375pt>
File: images/supplementary/11/img/01.png Graphic file (type png)

<use images/supplementary/11/img/01.png>
Package pdftex.def Info: images/supplementary/11/img/01.png used on input line 
165.
(pdftex.def)             Requested size: 140.50029pt x 43.41583pt.

Underfull \hbox (badness 10000) in paragraph at lines 165--165
[][]
 []


Underfull \hbox (badness 10000) in paragraph at lines 165--165
[]
 []


Underfull \hbox (badness 10000) in paragraph at lines 165--165
[]
 []


Underfull \hbox (badness 10000) in paragraph at lines 165--165
[]
 []


Underfull \hbox (badness 10000) in paragraph at lines 165--165
[]
 []


Underfull \hbox (badness 10000) in paragraph at lines 165--165
[]
 []


Underfull \hbox (badness 10000) in paragraph at lines 165--165
[]
 []

<images/supplementary/12/bev/04.png, id=49, 657.45625pt x 739.76375pt>
File: images/supplementary/12/bev/04.png Graphic file (type png)

<use images/supplementary/12/bev/04.png>
Package pdftex.def Info: images/supplementary/12/bev/04.png used on input line 
188.
(pdftex.def)             Requested size: 112.42819pt x 126.50316pt.

<images/supplementary/12/bev/03.png, id=50, 657.45625pt x 739.76375pt>
File: images/supplementary/12/bev/03.png Graphic file (type png)

<use images/supplementary/12/bev/03.png>
Package pdftex.def Info: images/supplementary/12/bev/03.png used on input line 
188.
(pdftex.def)             Requested size: 112.42819pt x 126.50316pt.

<images/supplementary/12/bev/02.png, id=51, 657.45625pt x 739.76375pt>
File: images/supplementary/12/bev/02.png Graphic file (type png)

<use images/supplementary/12/bev/02.png>
Package pdftex.def Info: images/supplementary/12/bev/02.png used on input line 
188.
(pdftex.def)             Requested size: 112.42819pt x 126.50316pt.

<images/supplementary/12/bev/01.png, id=52, 657.45625pt x 739.76375pt>
File: images/supplementary/12/bev/01.png Graphic file (type png)

<use images/supplementary/12/bev/01.png>
Package pdftex.def Info: images/supplementary/12/bev/01.png used on input line 
188.
(pdftex.def)             Requested size: 112.42819pt x 126.50316pt.

<images/supplementary/12/pc/04.png, id=53, 1033.8625pt x 431.6125pt>
File: images/supplementary/12/pc/04.png Graphic file (type png)

<use images/supplementary/12/pc/04.png>
Package pdftex.def Info: images/supplementary/12/pc/04.png used on input line 1
99.
(pdftex.def)             Requested size: 174.47685pt x 72.83969pt.

<images/supplementary/12/img/04.png, id=54, 936.49875pt x 274.02374pt>
File: images/supplementary/12/img/04.png Graphic file (type png)

<use images/supplementary/12/img/04.png>
Package pdftex.def Info: images/supplementary/12/img/04.png used on input line 
199.
(pdftex.def)             Requested size: 174.47685pt x 51.05318pt.

<images/supplementary/12/pc/03.png, id=55, 1033.8625pt x 431.6125pt>
File: images/supplementary/12/pc/03.png Graphic file (type png)

<use images/supplementary/12/pc/03.png>
Package pdftex.def Info: images/supplementary/12/pc/03.png used on input line 1
99.
(pdftex.def)             Requested size: 174.47685pt x 72.83969pt.

<images/supplementary/12/img/03.png, id=56, 936.49875pt x 274.02374pt>
File: images/supplementary/12/img/03.png Graphic file (type png)

<use images/supplementary/12/img/03.png>
Package pdftex.def Info: images/supplementary/12/img/03.png used on input line 
199.
(pdftex.def)             Requested size: 174.47685pt x 51.05318pt.

<images/supplementary/12/pc/02.png, id=57, 1033.8625pt x 431.6125pt>
File: images/supplementary/12/pc/02.png Graphic file (type png)

<use images/supplementary/12/pc/02.png>
Package pdftex.def Info: images/supplementary/12/pc/02.png used on input line 1
99.
(pdftex.def)             Requested size: 174.47685pt x 72.83969pt.

<images/supplementary/12/img/02.png, id=58, 936.49875pt x 274.02374pt>
File: images/supplementary/12/img/02.png Graphic file (type png)

<use images/supplementary/12/img/02.png>
Package pdftex.def Info: images/supplementary/12/img/02.png used on input line 
199.
(pdftex.def)             Requested size: 174.47685pt x 51.05318pt.

<images/supplementary/12/pc/01.png, id=59, 1033.8625pt x 431.6125pt>
File: images/supplementary/12/pc/01.png Graphic file (type png)

<use images/supplementary/12/pc/01.png>
Package pdftex.def Info: images/supplementary/12/pc/01.png used on input line 1
99.
(pdftex.def)             Requested size: 174.47685pt x 72.83969pt.

<images/supplementary/12/img/01.png, id=60, 936.49875pt x 274.02374pt>
File: images/supplementary/12/img/01.png Graphic file (type png)

<use images/supplementary/12/img/01.png>
Package pdftex.def Info: images/supplementary/12/img/01.png used on input line 
199.
(pdftex.def)             Requested size: 174.47685pt x 51.05318pt.

Underfull \hbox (badness 10000) in paragraph at lines 199--199
[][]
 []


Underfull \hbox (badness 10000) in paragraph at lines 199--199
[]
 []


Underfull \hbox (badness 10000) in paragraph at lines 199--199
[]
 []


Underfull \hbox (badness 10000) in paragraph at lines 199--199
[]
 []


Underfull \hbox (badness 10000) in paragraph at lines 199--199
[]
 []


Underfull \hbox (badness 10000) in paragraph at lines 199--199
[]
 []


Underfull \hbox (badness 10000) in paragraph at lines 199--199
[]
 []

Package atveryend Info: Empty hook `BeforeClearDocument' on input line 203.
[1

{/var/lib/texmf/fonts/map/pdftex/updmap/pdftex.map}] [2 <./images/supplementary
/06/bev/04.png> <./images/supplementary/06/bev/03.png> <./images/supplementary/
06/bev/02.png> <./images/supplementary/06/bev/01.png> <./images/supplementary/0
6/pc/04.png> <./images/supplementary/06/img/04.png> <./images/supplementary/06/
pc/03.png> <./images/supplementary/06/img/03.png> <./images/supplementary/06/pc
/02.png> <./images/supplementary/06/img/02.png> <./images/supplementary/06/pc/0
1.png> <./images/supplementary/06/img/01.png>] [3 <./images/supplementary/10/be
v/04.png> <./images/supplementary/10/bev/03.png> <./images/supplementary/10/bev
/02.png> <./images/supplementary/10/bev/01.png> <./images/supplementary/10/pc/0
4.png> <./images/supplementary/10/img/04.png> <./images/supplementary/10/pc/03.
png> <./images/supplementary/10/img/03.png> <./images/supplementary/10/pc/02.pn
g> <./images/supplementary/10/img/02.png> <./images/supplementary/10/pc/01.png>
 <./images/supplementary/10/img/01.png>] [4 <./images/supplementary/11/bev/04.p
ng> <./images/supplementary/11/bev/03.png> <./images/supplementary/11/bev/02.pn
g> <./images/supplementary/11/bev/01.png> <./images/supplementary/11/pc/04.png>
 <./images/supplementary/11/pc/03.png> <./images/supplementary/11/pc/02.png> <.
/images/supplementary/11/pc/01.png> <./images/supplementary/11/img/04.png> <./i
mages/supplementary/11/img/03.png> <./images/supplementary/11/img/02.png> <./im
ages/supplementary/11/img/01.png>] [5 <./images/supplementary/12/bev/04.png> <.
/images/supplementary/12/bev/03.png> <./images/supplementary/12/bev/02.png> <./
images/supplementary/12/bev/01.png> <./images/supplementary/12/pc/04.png> <./im
ages/supplementary/12/img/04.png> <./images/supplementary/12/pc/03.png> <./imag
es/supplementary/12/img/03.png> <./images/supplementary/12/pc/02.png> <./images
/supplementary/12/img/02.png> <./images/supplementary/12/pc/01.png> <./images/s
upplementary/12/img/01.png>]
Package atveryend Info: Empty hook `AfterLastShipout' on input line 203.
 (./supplementary.aux)
Package atveryend Info: Executing hook `AtVeryEndDocument' on input line 203.
Package atveryend Info: Empty hook `AtEndAfterFileList' on input line 203.
Package atveryend Info: Empty hook `AtVeryVeryEnd' on input line 203.
 ) 
Here is how much of TeX's memory you used:
 8495 strings out of 493029
 127426 string characters out of 6136233
 240841 words of memory out of 5000000
 11817 multiletter control sequences out of 15000+600000
 65396 words of font info for 101 fonts, out of 8000000 for 9000
 1141 hyphenation exceptions out of 8191
 36i,18n,34p,914b,617s stack positions out of 5000i,500n,10000p,200000b,80000s
{/usr/share/texlive/texmf-dist/fonts/enc/dvips/base/8r.enc}</usr/share/texliv
e/texmf-dist/fonts/type1/public/amsfonts/cm/cmmi10.pfb></usr/share/texlive/texm
f-dist/fonts/type1/public/amsfonts/cm/cmr10.pfb></usr/share/texlive/texmf-dist/
fonts/type1/public/amsfonts/cm/cmsy10.pfb></usr/share/texlive/texmf-dist/fonts/
type1/urw/symbol/usyr.pfb></usr/share/texlive/texmf-dist/fonts/type1/urw/symbol
/usyr.pfb></usr/share/texlive/texmf-dist/fonts/type1/urw/times/utmb8a.pfb></usr
/share/texlive/texmf-dist/fonts/type1/urw/times/utmr8a.pfb></usr/share/texlive/
texmf-dist/fonts/type1/urw/times/utmri8a.pfb>
Output written on supplementary.pdf (5 pages, 11687158 bytes).
PDF statistics:
 178 PDF objects out of 1000 (max. 8388607)
 105 compressed objects within 2 object streams
 46 named destinations out of 1000 (max. 500000)
 289 words of extra memory for PDF output out of 10000 (max. 10000000)

